make.exe all --print-data-base --no-builtin-variables --no-builtin-rules --question
'\\wsl$\Ubuntu\home\michaeli\repos\ppnm\exam'
CMD.EXE was started with the above path as the current directory.
UNC paths are not supported.  Defaulting to Windows directory.

# GNU Make 3.82.90
# Built for i686-pc-mingw32
# Copyright (C) 1988-2012 Free Software Foundation, Inc.
# License GPLv3+: GNU GPL version 3 or later <http://gnu.org/licenses/gpl.html>
# This is free software: you are free to change and redistribute it.
# There is NO WARRANTY, to the extent permitted by law.
 

# Make data base, printed on Wed Jun 15 20:25:43 2022

# Variables

# automatic
<D = $(patsubst %/,%,$(patsubst %\,%,$(dir $<)))
# automatic
?F = $(notdir $?)
# default
.SHELLFLAGS := -c
# makefile
MAKEFLAGS = Rrqp
# environment
VSCODE_LOG_NATIVE = false
# automatic
?D = $(patsubst %/,%,$(patsubst %\,%,$(dir $?)))
# automatic
@D = $(patsubst %/,%,$(patsubst %\,%,$(dir $@)))
# environment
HOMEDRIVE = C:
# automatic
@F = $(notdir $@)
# automatic
^D = $(patsubst %/,%,$(patsubst %\,%,$(dir $^)))
# makefile
CUR 
make.exe: *** No rule to make target 'all'.  Stop.

DIR := C:/Windows
# default
SHELL := sh.exe
# environment
WINDIR = C:\WINDOWS
# environment
VSCODE_NLS_CONFIG = {"locale":"en-us","availableLanguages":{},"_languagePackSupport":true}
# environment
ONEDRIVE = C:\Users\au544901\OneDrive
# environment
PATHEXT = .COM;.EXE;.BAT;.CMD;.VBS;.VBE;.JS;.JSE;.WSF;.WSH;.MSC
# makefile
MAKEFILE_LIST := 
# environment
FPS_BROWSER_USER_PROFILE_STRING = Default
# environment
TMP = C:\Users\au544901\AppData\Local\Temp
# environment
VSCODE_VERBOSE_LOGGING = true
# environment
PROGRAMW6432 = C:\Program Files
# environment
PROGRAMDATA = C:\ProgramData
# environment
VSCODE_IPC_HOOK_EXTHOST = \\.\pipe\vscode-ipc-ce210b60-1319-4476-b2c0-55713769429e-sock
# environment
VSCODE_CWD = C:\Users\au544901\AppData\Local\Programs\Microsoft VS Code
# environment
PATH = C:\WINDOWS\system32;C:\WINDOWS;C:\WINDOWS\System32\Wbem;C:\WINDOWS\System32\WindowsPowerShell\v1.0\;C:\WINDOWS\System32\OpenSSH\;C:\Program Files\MATLAB\R2021b\bin;C:\Program Files\dotnet\;C:\MinGW\bin;C:\Users\au544901\AppData\Local\Programs\Python\Python310\;C:\Users\au544901\AppData\Local\Microsoft\WindowsApps;C:\Users\au544901\AppData\Local\Programs\MiKTeX\miktex\bin\x64\;C:\Program Files\Inkscape\bin;C:\Program Files\JetBrains\PyCharm 2021.2.3\bin;;C:\Users\au544901\AppData\Local\GitHubDesktop\bin;C:\Users\au544901\AppData\Local\Programs\Microsoft VS Code\bin;C:\Users\au544901\.dotnet\tools;
# environment
COMMONPROGRAMW6432 = C:\Program Files\Common Files
# environment
ZES_ENABLE_SYSMAN = 1
# environment
PROCESSOR_ARCHITECTURE = x86
# environment
USERPROFILE = C:\Users\au544901
# environment
DEFLOGDIR = C:\ProgramData\McAfee\Endpoint Security\Logs
# environment
ALLUSERSPROFILE = C:\ProgramData
# environment
VSCODE_LOG_STACK = false
# environment
NUMBER_OF_PROCESSORS = 8
# environment
ELECTRON_RUN_AS_NODE = 1
# default
.FEATURES := target-specific order-only second-expansion else-if shortest-stem undefine oneshell archives jobserver
# automatic
%F = $(notdir $%)
# environment
CHROME_CRASHPAD_PIPE_NAME = \\.\pipe\crashpad_16536_SHEMDQRVHYSDVEWI
# environment
VSCODE_PIPE_LOGGING = true
# environment
COMPUTERNAME = D47179
# environment
PROGRAMFILES = C:\Program Files (x86)
# environment
USERDNSDOMAIN = UNI.AU.DK
# environment
DRIVERDATA = C:\Windows\System32\Drivers\DriverData
# environment
ORIGINAL_XDG_CURRENT_DESKTOP = undefined
# environment
USERNAME = au544901
# environment
PUBLIC = C:\Users\Public
# environment
VSCODE_AMD_ENTRYPOINT = vs/workbench/api/node/extensionHostProcess
# environment
VSCODE_CODE_CACHE_PATH = C:\Users\au544901\AppData\Roaming\Code\CachedData\4af164ea3a06f701fe3e89a2bcbb421d2026b68f
# environment
APPLICATION_INSIGHTS_NO_DIAGNOSTIC_CHANNEL = true
# environment
COMMONPROGRAMFILES = C:\Program Files (x86)\Common Files
# environment
LOGONSERVER = \\DC18
# environment
VSCODE_HANDLES_UNCAUGHT_ERRORS = true
# environment
USERDOMAIN = UNI
# environment
MAKELEVEL := 0
# default
MAKE = $(MAKE_COMMAND)
# default
MAKECMDGOALS := all
# default
MAKE_VERSION := 3.82.90
# makefile
.DEFAULT_GOAL := 
# environment
PROGRAMFILES(X86) = C:\Program Files (x86)
# automatic
%D = $(patsubst %/,%,$(patsubst %\,%,$(dir $%)))
# environment
LOCALAPPDATA = C:\Users\au544901\AppData\Local
# environment
PSMODULEPATH = C:\Program Files\WindowsPowerShell\Modules;C:\WINDOWS\system32\WindowsPowerShell\v1.0\Modules
# default
MAKE_COMMAND := make.exe
# environment
PROCESSOR_ARCHITEW6432 = AMD64
# default
.VARIABLES := 
# automatic
*F = $(notdir $*)
# environment
PROCESSOR_IDENTIFIER = Intel64 Family 6 Model 140 Stepping 1, GenuineIntel
# environment
OS = Windows_NT
# environment
VSCODE_IPC_HOOK = \\.\pipe\33adcd4276e1b3fe4ba31511ebb2dee8-1.68.0-main-sock
# environment
HOMEPATH = \Users\au544901
# environment
COMMONPROGRAMFILES(X86) = C:\Program Files (x86)\Common Files
# environment
PROMPT = $P$G
# environment
MFLAGS = -Rrqp
# automatic
*D = $(patsubst %/,%,$(patsubst %\,%,$(dir $*)))
# environment
SYSTEMROOT = C:\WINDOWS
# automatic
+D = $(patsubst %/,%,$(patsubst %\,%,$(dir $+)))
# automatic
+F = $(notdir $+)
# environment
APPDATA = C:\Users\au544901\AppData\Roaming
# environment
TEMP = C:\Users\au544901\AppData\Local\Temp
# environment
COMSPEC = C:\WINDOWS\system32\cmd.exe
# default
MAKEFILES := 
# automatic
<F = $(notdir $<)
# environment
LC_ALL = C
# environment
UATDATA = C:\WINDOWS\CCM\UATData\D9F8C395-CAB8-491d-B8AC-179A1FE1BE77
# automatic
^F = $(notdir $^)
# default
SUFFIXES := 
# environment
SYSTEMDRIVE = C:
# environment
SESSIONNAME = Console
# environment
PROCESSOR_REVISION = 8c01
# environment
PYCHARM = C:\Program Files\JetBrains\PyCharm 2021.2.3\bin;
# default
.INCLUDE_DIRS = C:/MinGW/include
# default
.RECIPEPREFIX := 
# environment
LANG = C
# environment
PROCESSOR_LEVEL = 6
# environment
FPS_BROWSER_APP_PROFILE_STRING = Internet Explorer
# environment
VSCODE_PID = 16536
# environment
USERDOMAIN_ROAMINGPROFILE = UNI
# variable set hash-table stats:
# Load=96/1024=9%, Rehash=0, Collisions=12/112=11%

# Pattern-specific Variable Values

# No pattern-specific variable values.

# Directories

# : could not be stat'd.
# C:\Users\au544901\AppData\Local\Programs\MiKTeX\miktex\bin\x64\ (key C:/Users/au544901/AppData/Local/Programs/MiKTeX/miktex/bin/x64/, mtime 1635341812): 679 files, no impossibilities.
# C:\WINDOWS\System32\WindowsPowerShell\v1.0\ (key C:/WINDOWS/System32/WindowsPowerShell/v1.0/, mtime 1626078661): 30 files, no impossibilities.
# C:\Program Files\JetBrains\PyCharm 2021.2.3\bin: could not be stat'd.
# . (key C:/Windows, mtime 1655274786): 126 files, no impossibilities.
# C:\WINDOWS\System32\OpenSSH\: could not be stat'd.
# C:\MinGW\bin (key C:/MinGW/bin, mtime 1654867583): 59 files, no impossibilities.
# C:\WINDOWS (key C:/WINDOWS, mtime 1655274786): 126 files, no impossibilities.
# C:\Users\au544901\AppData\Local\Microsoft\WindowsApps (key C:/Users/au544901/AppData/Local/Microsoft/WindowsApps, mtime 1653551049): 15 files, no impossibilities.
# C:\Users\au544901\AppData\Local\GitHubDesktop\bin (key C:/Users/au544901/AppData/Local/GitHubDesktop/bin, mtime 1644234106): 4 files, no impossibilities.
# C:\Program Files\Inkscape\bin (key C:/Program Files/Inkscape/bin, mtime 1635342222): 131 files, no impossibilities.
# C:\Program Files\MATLAB\R2021b\bin (key C:/Program Files/MATLAB/R2021b/bin, mtime 1643210471): 14 files, no impossibilities.
# C:\Users\au544901\AppData\Local\Programs\Microsoft VS Code\bin (key C:/Users/au544901/AppData/Local/Programs/Microsoft VS Code/bin, mtime 1654859115): 4 files, no impossibilities.
# C:\WINDOWS\System32\Wbem (key C:/WINDOWS/System32/Wbem, mtime 1650465268): 170 files, no impossibilities.
# C:\Users\au544901\AppData\Local\Programs\Python\Python310\ (key C:/Users/au544901/AppData/Local/Programs/Python/Python310/, mtime 1635325249): 18 files, no impossibilities.
# C:\Users\au544901\.dotnet\tools: could not be stat'd.
# C:\Program Files\dotnet\ (key C:/Program Files/dotnet/, mtime 1652769029): 13 files, no impossibilities.
# C:\WINDOWS\system32 (key C:/WINDOWS/system32, mtime 1655310188): 2953 files, no impossibilities.

# 4342 files, no impossibilities in 18 directories.

# Implicit Rules

# No implicit rules.

# Files

# Not a target:
all:
#  Command line target.
#  Implicit rule search has been done.
#  File does not exist.
#  File has not been updated.

# Not a target:
.SUFFIXES:
#  Implicit rule search has not been done.
#  Modification time never checked.
#  File has not been updated.

# Not a target:
Makefile:
#  Implicit rule search has been done.
#  File does not exist.
#  File has been updated.
#  Failed to be updated.

# Not a target:
makefile:
#  Implicit rule search has been done.
#  File does not exist.
#  File has been updated.
#  Failed to be updated.

# Not a target:
.DEFAULT:
#  Implicit rule search has not been done.
#  Modification time never checked.
#  File has not been updated.

# Not a target:
GNUmakefile:
#  Implicit rule search has been done.
#  File does not exist.
#  File has been updated.
#  Failed to be updated.

# files hash-table stats:
# Load=6/1024=1%, Rehash=0, Collisions=0/15=0%
# VPATH Search Paths

# No 'vpath' search paths.

# No general ('VPATH' variable) search path.

# strcache buffers: 8 (7) / strings = 4163 / storage = 63850 B / avg = 15 B
# current buf: size = 8174 B / used = 6677 B / count = 415 / avg = 16 B
# other used: total = 55676 B / count = 3748 / avg = 14 B
# other free: total = 45 B / max = 11 B / min = 2 B / avg = 6 B

# strcache performance: lookups = 4368 / hit rate = 4%
# hash-table stats:
# Load=4163/8192=51%, Rehash=0, Collisions=1836/4368=42%
# Finished Make data base on Wed Jun 15 20:25:43 2022

 
